START-OF-LOG: 3.0
CONTEST: 
CALLSIGN: 
LOCATION: 
CATEGORY-OPERATOR: 
CATEGORY-ASSISTED: 
CATEGORY-BAND: 
CATEGORY-POWER: 
CATEGORY-MODE: 
CATEGORY-TRANSMITTER: 
CATEGORY-OVERLAY: 
GRID-LOCATOR: 
CLAIMED-SCORE: 
CLUB: 
CREATED-BY: 
NAME: 
ADDRESS: 
ADDRESS-CITY: 
ADDRESS-STATE-PROVINCE: 
ADDRESS-POSTALCODE: 
ADDRESS-COUNTRY:
OPERATORS: 
SOAPBOX: .

QSO:  7148 PH 2025-08-09  0752 F4LEC          59  05     IQ4FE         59  05     0
QSO: 14242 PH 2025-08-09  0801 F4LEC          59  05     HA2YL         59  05     0
QSO: 14227 PH 2025-08-09  0805 F4LEC          59  05     IU7QCK        59  05     0
END-OF-LOG:

<CALL:5>IQ4FE <QSO_DATE:8>20250809 <TIME_ON:6>075200 <FREQ:5>7.148 <BAND:3>40M <FREQ_RX:5>7.148 <BAND_RX:3>40M <MODE:3>SSB <MY_GRIDSQUARE:8>JN33JU07 <STATION_CALLSIGN:5>F4LEC <CQZ:2>15 <ITUZ:2>28 <DXCC:3>248 <CONT:2>EU <CONTACTED_OP:0> <EQ_CALL:0> <EQSL_QSLSDATE:8>20250809 <EQSL_QSL_SENT:1>Q <LOTW_QSLSDATE:8>20250809 <LOTW_QSL_SENT:1>Q <CLUBLOG_QSO_UPLOAD_DATE:8>20250809 <CLUBLOG_QSO_UPLOAD_STATUS:1>M <OPERATOR:0> <OWNER_CALLSIGN:0> <RST_SENT:2>59 <RST_RCVD:2>59 <TX_PWR:2>50 <EOR>
<CALL:5>HA2YL <QSO_DATE:8>20250809 <TIME_ON:6>080100 <FREQ:6>14.242 <BAND:3>20M <FREQ_RX:6>14.242 <BAND_RX:3>20M <MODE:3>SSB <MY_GRIDSQUARE:8>JN33JU07 <STATION_CALLSIGN:5>F4LEC <CQZ:2>15 <ITUZ:2>28 <DXCC:3>239 <CONT:2>EU <CONTACTED_OP:0> <EQ_CALL:0> <EQSL_QSLSDATE:8>20250809 <EQSL_QSL_SENT:1>Q <LOTW_QSLSDATE:8>20250809 <LOTW_QSL_SENT:1>Q <CLUBLOG_QSO_UPLOAD_DATE:8>20250809 <CLUBLOG_QSO_UPLOAD_STATUS:1>M <OPERATOR:0> <OWNER_CALLSIGN:0> <RST_SENT:2>59 <RST_RCVD:2>59 <TX_PWR:2>50 <EOR>
<CALL:6>IU7QCK <QSO_DATE:8>20250809 <TIME_ON:6>080500 <FREQ:6>14.227 <BAND:3>20M <FREQ_RX:6>14.227 <BAND_RX:3>20M <MODE:3>SSB <MY_GRIDSQUARE:8>JN33JU07 <STATION_CALLSIGN:5>F4LEC <CQZ:2>15 <ITUZ:2>28 <DXCC:3>248 <CONT:2>EU <CONTACTED_OP:0> <EQ_CALL:0> <EQSL_QSLSDATE:8>20250809 <EQSL_QSL_SENT:1>Q <LOTW_QSLSDATE:8>20250809 <LOTW_QSL_SENT:1>Q <CLUBLOG_QSO_UPLOAD_DATE:8>20250809 <CLUBLOG_QSO_UPLOAD_STATUS:1>M <OPERATOR:0> <OWNER_CALLSIGN:0> <RST_SENT:2>59 <RST_RCVD:2>59 <TX_PWR:2>50 <EOR>

